{
"contracts\\Ownable.sol":{"l":{"8":4,"9":4,"13":3},"path":"C:\\Users\\jaibo\\Solidity\\contracts\\Ownable.sol","s":{"1":4,"2":3},"b":{"1":[4,0]},"f":{"1":4,"2":3},"fnMap":{"1":{"name":"onlyOwner","line":7,"loc":{"start":{"line":7,"column":4},"end":{"line":10,"column":4}}},"2":{"name":"constructor","line":12,"loc":{"start":{"line":12,"column":4},"end":{"line":14,"column":4}}}},"statementMap":{"1":{"start":{"line":8,"column":8},"end":{"line":8,"column":63}},"2":{"start":{"line":13,"column":8},"end":{"line":13,"column":25}}},"branchMap":{"1":{"line":8,"type":"if","locations":[{"start":{"line":8,"column":8},"end":{"line":8,"column":8}},{"start":{"line":8,"column":8},"end":{"line":8,"column":8}}]}}},
"contracts\\USElection.sol":{"l":{"27":4,"28":4,"33":3,"34":3,"35":3,"37":2,"38":2,"39":1,"41":1,"44":2,"45":2,"47":2,"51":5,"52":1,"54":4,"55":3,"57":1,"61":1,"62":1},"path":"C:\\Users\\jaibo\\Solidity\\contracts\\USElection.sol","s":{"1":4,"2":3,"3":3,"4":3,"5":2,"6":2,"7":1,"8":1,"9":2,"10":2,"11":2,"12":5,"13":1,"14":4,"15":3,"16":1,"17":1,"18":1},"b":{"1":[4,0],"2":[3,0],"3":[3,0],"4":[2,1],"5":[1,1],"6":[1,4],"7":[3,1]},"f":{"1":4,"2":3,"3":5,"4":1},"fnMap":{"1":{"name":"onlyActiveElection","line":26,"loc":{"start":{"line":26,"column":4},"end":{"line":29,"column":4}}},"2":{"name":"submitStateResult","line":32,"loc":{"start":{"line":32,"column":4},"end":{"line":48,"column":4}}},"3":{"name":"currentLeader","line":50,"loc":{"start":{"line":50,"column":4},"end":{"line":58,"column":4}}},"4":{"name":"endElection","line":60,"loc":{"start":{"line":60,"column":4},"end":{"line":63,"column":4}}}},"statementMap":{"1":{"start":{"line":27,"column":8},"end":{"line":27,"column":64}},"2":{"start":{"line":33,"column":8},"end":{"line":33,"column":73}},"3":{"start":{"line":34,"column":8},"end":{"line":34,"column":79}},"4":{"start":{"line":35,"column":8},"end":{"line":35,"column":90}},"5":{"start":{"line":37,"column":8},"end":{"line":37,"column":20}},"6":{"start":{"line":38,"column":8},"end":{"line":38,"column":1173}},"7":{"start":{"line":39,"column":12},"end":{"line":39,"column":25}},"8":{"start":{"line":41,"column":12},"end":{"line":41,"column":25}},"9":{"start":{"line":44,"column":8},"end":{"line":44,"column":41}},"10":{"start":{"line":45,"column":8},"end":{"line":45,"column":43}},"11":{"start":{"line":47,"column":8},"end":{"line":47,"column":67}},"12":{"start":{"line":51,"column":8},"end":{"line":51,"column":1567}},"13":{"start":{"line":52,"column":12},"end":{"line":52,"column":24}},"14":{"start":{"line":54,"column":8},"end":{"line":54,"column":1648}},"15":{"start":{"line":55,"column":12},"end":{"line":55,"column":24}},"16":{"start":{"line":57,"column":8},"end":{"line":57,"column":16}},"17":{"start":{"line":61,"column":8},"end":{"line":61,"column":27}},"18":{"start":{"line":62,"column":8},"end":{"line":62,"column":46}}},"branchMap":{"1":{"line":27,"type":"if","locations":[{"start":{"line":27,"column":8},"end":{"line":27,"column":8}},{"start":{"line":27,"column":8},"end":{"line":27,"column":8}}]},"2":{"line":33,"type":"if","locations":[{"start":{"line":33,"column":8},"end":{"line":33,"column":8}},{"start":{"line":33,"column":8},"end":{"line":33,"column":8}}]},"3":{"line":34,"type":"if","locations":[{"start":{"line":34,"column":8},"end":{"line":34,"column":8}},{"start":{"line":34,"column":8},"end":{"line":34,"column":8}}]},"4":{"line":35,"type":"if","locations":[{"start":{"line":35,"column":8},"end":{"line":35,"column":8}},{"start":{"line":35,"column":8},"end":{"line":35,"column":8}}]},"5":{"line":38,"type":"if","locations":[{"start":{"line":38,"column":8},"end":{"line":38,"column":8}},{"start":{"line":38,"column":8},"end":{"line":38,"column":8}}]},"6":{"line":51,"type":"if","locations":[{"start":{"line":51,"column":8},"end":{"line":51,"column":8}},{"start":{"line":51,"column":8},"end":{"line":51,"column":8}}]},"7":{"line":54,"type":"if","locations":[{"start":{"line":54,"column":8},"end":{"line":54,"column":8}},{"start":{"line":54,"column":8},"end":{"line":54,"column":8}}]}}}}
