TN:
SF:C:\Users\jaibo\Solidity\contracts\Ownable.sol
FN:7,onlyOwner
FN:12,constructor
FNF:2
FNH:2
FNDA:4,onlyOwner
FNDA:3,constructor
DA:8,4
DA:9,4
DA:13,3
LF:3
LH:3
BRDA:8,1,0,4
BRDA:8,1,1,0
BRF:2
BRH:1
end_of_record
TN:
SF:C:\Users\jaibo\Solidity\contracts\USElection.sol
FN:26,onlyActiveElection
FN:32,submitStateResult
FN:50,currentLeader
FN:60,endElection
FNF:4
FNH:4
FNDA:4,onlyActiveElection
FNDA:3,submitStateResult
FNDA:5,currentLeader
FNDA:1,endElection
DA:27,4
DA:28,4
DA:33,3
DA:34,3
DA:35,3
DA:37,2
DA:38,2
DA:39,1
DA:41,1
DA:44,2
DA:45,2
DA:47,2
DA:51,5
DA:52,1
DA:54,4
DA:55,3
DA:57,1
DA:61,1
DA:62,1
LF:19
LH:19
BRDA:27,1,0,4
BRDA:27,1,1,0
BRDA:33,2,0,3
BRDA:33,2,1,0
BRDA:34,3,0,3
BRDA:34,3,1,0
BRDA:35,4,0,2
BRDA:35,4,1,1
BRDA:38,5,0,1
BRDA:38,5,1,1
BRDA:51,6,0,1
BRDA:51,6,1,4
BRDA:54,7,0,3
BRDA:54,7,1,1
BRF:14
BRH:11
end_of_record
